2023-01-15 02:07:32[errormiddleware.js] info: "  patient with patientid: AFIT/008965756/ created coode:202 - Accepted - /api/patient/register - POST - ::1 "
2023-01-15 02:11:43[errormiddleware.js] info: "  patient with patientid: AFIT/008965i877777 created coode:202 - undefined - /api/patient/register - POST - ::1 "
2023-01-15 02:11:43[errormiddleware.js] error: "400 - Bad Request - not authorized - /api/patient/register - POST - ::1"
2023-01-15 02:13:32[errormiddleware.js] error: "400 - Bad Request - user already exist - /api/patient/register - POST - ::1"
2023-01-15 02:14:06[errormiddleware.js] info: "  patient with patientid: AFIT/y766 created coode:202 - undefined - /api/patient/register - POST - ::1 "
2023-01-15 02:14:06[errormiddleware.js] error: "400 - Bad Request - not authorized - /api/patient/register - POST - ::1"
2023-01-15 02:16:18[errormiddleware.js] info: "  patient with patientid: AFIT/65432 created coode:202 - Accepted - /api/patient/register - POST - ::1 "
2023-01-15 02:21:15[errormiddleware.js] info: "  patient with patientid: AFIT/6576 created coode:202 - Accepted - /api/patient/register - POST - ::1 "
2023-01-15 02:23:55[errormiddleware.js] info: "  patient with patientid: AFIT/654/76 created coode:null - Accepted - /api/patient/register - POST - ::1 "
2023-01-15 02:24:36[errormiddleware.js] info: "  patient with patientid: AFIT/654/76/766/FAE created coode:202 - Accepted - /api/patient/register - POST - ::1 "
2023-01-15 02:29:58[errormiddleware.js] info: "  patient with patientid: AFIT/FAE/MTED/1233 created coode:202 - Accepted - /api/patient/register - POST - ::1 "
2023-01-15 02:35:04[errormiddleware.js] info: "  patient with patientid: AFIT/FAE/MTED/24765 created coode:202 - Accepted - /api/patient/register - POST - ::1 "
2023-01-15 02:42:00[errormiddleware.js] error: "400 - Bad Request - please add all fields - /api/patient/register - POST - ::1"
2023-01-15 02:42:35[errormiddleware.js] error: "200 - OK - Patient validation failed: role: please specify a role - /api/patient/register - POST - ::1"
2023-01-15 02:44:49[errormiddleware.js] error: "203 - Non-Authoritative Information - pass is not defined - /api/patient/register - POST - ::1"
2023-01-15 02:46:15[errormiddleware.js] error: "400 - Bad Request - user already exist - /api/patient/register - POST - ::1"
2023-01-15 02:46:30[errormiddleware.js] error: "400 - Bad Request - user already exist - /api/patient/register - POST - ::1"
2023-01-15 02:48:54[errormiddleware.js] info: "  patient with patientid: AFIT/FAE/MTED/091 created coode:202 - Accepted - /api/patient/register - POST - ::1 "
2023-01-15 02:52:16[errormiddleware.js] info: "  patient with patientid: AFIT/FAE/MTED/065 created coode:202 - Accepted - /api/patient/register - POST - ::1 "
2023-01-15 02:55:05[errormiddleware.js] error: "200 - OK - Illegal arguments: undefined, string - /api/patient/register - POST - ::1"
2023-01-15 02:55:35[errormiddleware.js] info: "  patient with patientid: AFIT/FAE/MTED/32 created coode:202 - Accepted - /api/patient/register - POST - ::1 "
