2023-01-15 21:51:44[errormiddleware.js] info: "  patient(staff) with patientid: ADMIN/001 logged in code:200 - OK - /api/patient/login - POST - ::1 "
2023-01-20 21:39:06[errormiddleware.js] error: "200 - OK - Cannot destructure property 'patientId' of 'req.id' as it is undefined. - /api/admin/getoneuser - GET - ::1"
2023-01-21 21:37:17[errormiddleware.js] error: "401 - Unauthorized - not authorize - /api/admin/getoneuser - GET - ::1"
2023-01-21 21:37:58[errormiddleware.js] error: "401 - Unauthorized - not authorize - /api/admin/getoneuser - GET - ::1"
2023-01-22 09:02:12[errormiddleware.js] error: "401 - Unauthorized - not authorize - /api/patient/prescribtion - POST - ::1"
2023-01-22 09:02:51[errormiddleware.js] error: "200 - OK - Patient is not defined - /api/patient/prescribtion - POST - ::1"
2023-01-22 09:04:23[errormiddleware.js] error: "200 - OK - Drug is not defined - /api/patient/prescribtion - POST - ::1"
2023-01-22 09:05:40[errormiddleware.js] error: "200 - OK - studentPR validation failed: doctor: Please add a text value, doctorId: Please add a text value, patientName: please add a name, patienId: Path `patienId` is required. - /api/patient/prescribtion - POST - ::1"
2023-01-22 09:10:05[errormiddleware.js] error: "200 - OK - studentPR validation failed: patientName: please add a name, patienId: Path `patienId` is required. - /api/patient/prescribtion - POST - ::1"
2023-01-22 09:10:44[errormiddleware.js] error: "200 - OK - studentPR validation failed: patientId: Path `patientId` is required. - /api/patient/prescribtion - POST - ::1"
2023-01-22 09:12:27[errormiddleware.js] error: "200 - OK - studentPR validation failed: patientId: Path `patientId` is required. - /api/patient/prescribtion - POST - ::1"
2023-01-22 09:13:57[errormiddleware.js] error: "200 - OK - studentPR validation failed: patientId: Path `patientId` is required. - /api/patient/prescribtion - POST - ::1"
2023-01-22 09:14:39[errormiddleware.js] error: "200 - OK - studentPR validation failed: patientId: Path `patientId` is required. - /api/patient/prescribtion - POST - ::1"
2023-01-22 09:15:59[errormiddleware.js] error: "200 - OK - studentPR validation failed: patientId: Path `patientId` is required. - /api/patient/prescribtion - POST - ::1"
2023-01-22 09:18:39[errormiddleware.js] info: "  doctor with id: 63ca6877f2109dc73e4e6c98 created  a prescribtion for AFIT/FE/MTED/966 coode:200 - OK - /api/patient/prescribtion - POST - ::1 "
2023-01-22 09:22:55[errormiddleware.js] error: "200 - OK - studentPR validation failed: drugId: Path `drugId` is required. - /api/patient/prescribtion - POST - ::1"
2023-01-22 09:23:43[errormiddleware.js] info: "  doctor with id: 63ca6877f2109dc73e4e6c98 created  a prescribtion for AFIT/FE/MTED/966 coode:200 - OK - /api/patient/prescribtion - POST - ::1 "
2023-01-22 09:24:15[errormiddleware.js] info: "  doctor with id: 63ca6877f2109dc73e4e6c98 created  a prescribtion for AFIT/FE/MTED/966 coode:200 - OK - /api/patient/prescribtion - POST - ::1 "
2023-01-22 09:26:43[errormiddleware.js] info: "  doctor with id: 63ca6877f2109dc73e4e6c98 created  a prescribtion for AFIT/FE/MTED/966 coode:200 - OK - /api/patient/prescribtion - POST - ::1 "
2023-01-22 09:27:58[errormiddleware.js] info: "  doctor with id: 63ca6877f2109dc73e4e6c98 created  a prescribtion for AFIT/FE/MTED/966 coode:200 - OK - /api/patient/prescribtion - POST - ::1 "
2023-01-22 09:29:31[errormiddleware.js] info: "  doctor with id: 63ca6877f2109dc73e4e6c98 created  a prescribtion for AFIT/FE/MTED/966 coode:200 - OK - /api/patient/prescribtion - POST - ::1 "
2023-01-22 09:29:45[errormiddleware.js] info: "  doctor with id: 63ca6877f2109dc73e4e6c98 created  a prescribtion for AFIT/FE/MTED/966 coode:200 - OK - /api/patient/prescribtion - POST - ::1 "
2023-01-22 09:31:30[errormiddleware.js] info: "  doctor with id: 63ca6877f2109dc73e4e6c98 created  a prescribtion for AFIT/FE/MTED/966 coode:200 - OK - /api/patient/prescribtion - POST - ::1 "
2023-01-22 09:31:57[errormiddleware.js] info: "  doctor with id: 63ca6877f2109dc73e4e6c98 created  a prescribtion for AFIT/FE/MTED/966 coode:200 - OK - /api/patient/prescribtion - POST - ::1 "
2023-01-22 09:32:55[errormiddleware.js] info: "  doctor with id: 63ca6877f2109dc73e4e6c98 created  a prescribtion for AFIT/FE/MTED/966 coode:200 - OK - /api/patient/prescribtion - POST - ::1 "
2023-01-22 09:34:04[errormiddleware.js] info: "  doctor with id: 63ca6877f2109dc73e4e6c98 created  a prescribtion for AFIT/FE/MTED/966 coode:200 - OK - /api/patient/prescribtion - POST - ::1 "
2023-01-23 09:47:26[errormiddleware.js] error: "200 - OK - Plan executor error during findAndModify :: caused by :: Cannot apply $inc to a value of non-numeric type. {_id: ObjectId('62c42e183c0d7e274e3ebe9c')} has the field 'CurrentQuantity' of non-numeric type string - /api/patient/prescribtion - POST - ::1"
2023-01-23 09:53:15[errormiddleware.js] error: "200 - OK - Plan executor error during findAndModify :: caused by :: Cannot apply $inc to a value of non-numeric type. {_id: ObjectId('62c42e183c0d7e274e3ebe9c')} has the field 'CurrentQuantity' of non-numeric type string - /api/patient/prescribtion - POST - ::1"
2023-01-23 09:53:48[errormiddleware.js] error: "200 - OK - Plan executor error during findAndModify :: caused by :: Cannot apply $inc to a value of non-numeric type. {_id: ObjectId('62c42e183c0d7e274e3ebe9c')} has the field 'CurrentQuantity' of non-numeric type string - /api/patient/prescribtion - POST - ::1"
