2023-01-22 01:00:00[db.js] info: "database up and running on development"
2023-01-22 01:00:31[db.js] info: "server running on development"
2023-01-22 01:00:31[db.js] info: "database up and running on development"
2023-01-22 01:09:44[db.js] info: "server running on development"
2023-01-22 01:09:44[db.js] info: "database up and running on development"
2023-01-22 01:10:22[db.js] info: "server running on development"
2023-01-22 01:10:22[db.js] info: "database up and running on development"
2023-01-22 01:10:45[db.js] info: "server running on development"
2023-01-22 01:10:45[db.js] info: "database up and running on development"
2023-01-22 01:11:54[db.js] info: "server running on development"
2023-01-22 01:11:55[db.js] info: "database up and running on development"
2023-01-23 13:07:15[db.js] info: "POST /api/admin/login?patientId=AFIT-SUPERs&password=tobi 200 16979 - 1779.195 ms\n"
2023-01-23 13:08:15[db.js] info: "POST /api/student/prescribtions 404 165 - 5.000 ms\n"
2023-01-23 13:08:57[db.js] info: "POST /api/patient/prescribtions 404 165 - 3.946 ms\n"
2023-01-23 13:09:22[db.js] info: "POST /api/patient/prescribtion 401 212 - 120.932 ms\n"
2023-01-23 13:21:03[db.js] info: "POST /api/patient/prescribtion 200 470 - 80.712 ms\n"
2023-01-23 13:52:16[db.js] info: "POST /api/patient/prescribtion 401 1129 - 1342.522 ms\n"
2023-01-23 13:52:36[db.js] info: "POST /api/admin/login 200 16979 - 521.717 ms\n"
2023-01-23 13:53:14[db.js] info: "POST /api/patient/prescribtion 200 470 - 21.709 ms\n"
2023-01-23 13:53:54[db.js] info: "POST /api/patient/diagnosis 200 326 - 371.942 ms\n"
2023-01-23 13:55:23[db.js] info: "POST /api/patient/prescribtion 200 1145 - 67.218 ms\n"
2023-01-23 13:55:33[db.js] info: "POST /api/patient/prescribtion 200 370 - 128.211 ms\n"
