2023-01-15 11:01:13[db.js] info: "POST /api/patient/register 203 110 - 419.143 ms\n"
2023-01-15 23:00:47[db.js] info: "server running on development"
2023-01-15 23:00:48[db.js] info: "database up and running on development"
2023-01-15 23:06:04[db.js] info: "server running on development"
2023-01-15 23:06:04[db.js] info: "database up and running on development"
2023-01-15 23:07:03[db.js] info: "server running on development"
2023-01-15 23:07:04[db.js] info: "database up and running on development"
2023-01-15 23:07:24[db.js] info: "server running on development"
2023-01-15 23:07:24[db.js] info: "database up and running on development"
2023-01-20 11:04:32[db.js] info: "POST /api/patient/register%20 404 163 - 240.977 ms\n"
2023-01-20 11:09:26[db.js] info: "POST /api/patient/register%20 404 163 - 5.076 ms\n"
2023-01-20 11:10:00[db.js] info: "POST /api/patient/register 200 101 - 2290.015 ms\n"
2023-01-20 11:10:37[db.js] info: "POST /api/admin/login 200 202 - 36.008 ms\n"
2023-01-20 11:11:17[db.js] info: "server running on development"
2023-01-20 11:11:17[db.js] info: "database up and running on development"
2023-01-20 11:12:44[db.js] info: "POST /api/admin/login 200 16737 - 466.862 ms\n"
2023-01-20 11:23:15[db.js] info: "server running on development"
2023-01-20 11:23:15[db.js] info: "database up and running on development"
2023-01-20 11:45:57[db.js] info: "server running on development"
2023-01-20 11:45:58[db.js] info: "database up and running on development"
2023-01-20 11:48:19[db.js] info: "server running on development"
2023-01-20 11:48:19[db.js] info: "database up and running on development"
2023-01-20 11:48:33[db.js] info: "server running on development"
2023-01-20 11:48:33[db.js] info: "database up and running on development"
2023-01-20 11:48:41[db.js] info: "server running on development"
2023-01-20 11:48:42[db.js] info: "database up and running on development"
2023-01-20 11:48:57[db.js] info: "server running on development"
2023-01-20 11:48:57[db.js] info: "database up and running on development"
2023-01-20 11:49:32[db.js] info: "server running on development"
2023-01-20 11:49:32[db.js] info: "database up and running on development"
2023-01-20 11:49:40[db.js] info: "server running on development"
2023-01-20 11:49:40[db.js] info: "database up and running on development"
2023-01-20 11:49:48[db.js] info: "server running on development"
2023-01-20 11:49:48[db.js] info: "database up and running on development"
2023-01-20 11:49:54[db.js] info: "server running on development"
2023-01-20 11:49:54[db.js] info: "database up and running on development"
2023-01-20 11:52:24[db.js] info: "server running on development"
2023-01-20 11:52:25[db.js] info: "database up and running on development"
2023-01-20 11:52:57[db.js] info: "server running on development"
2023-01-20 11:52:57[db.js] info: "database up and running on development"
2023-01-20 11:53:13[db.js] info: "server running on development"
2023-01-20 11:53:13[db.js] info: "database up and running on development"
2023-01-21 23:01:48[db.js] info: "server running on development"
2023-01-21 23:01:48[db.js] info: "database up and running on development"
2023-01-21 23:02:16[db.js] info: "server running on development"
2023-01-21 23:02:16[db.js] info: "database up and running on development"
2023-01-21 23:04:41[db.js] info: "server running on development"
2023-01-21 23:04:41[db.js] info: "database up and running on development"
2023-01-21 23:05:10[db.js] info: "server running on development"
2023-01-21 23:05:10[db.js] info: "database up and running on development"
2023-01-21 23:05:21[db.js] info: "server running on development"
2023-01-21 23:05:21[db.js] info: "database up and running on development"
