2023-01-16 12:42:27[db.js] info: "server running on development"
2023-01-16 12:42:27[db.js] info: "database up and running on development"
2023-01-19 12:21:13[db.js] info: "server running on development"
2023-01-19 12:21:13[db.js] info: "database up and running on development"
2023-01-19 12:21:25[db.js] info: "server running on development"
2023-01-19 12:21:25[db.js] info: "database up and running on development"
2023-01-19 12:25:53[db.js] info: "server running on development"
2023-01-19 12:25:53[db.js] info: "database up and running on development"
2023-01-20 12:01:57[db.js] info: "server running on development"
2023-01-20 12:01:57[db.js] info: "database up and running on development"
2023-01-20 12:04:34[db.js] info: "server running on development"
2023-01-20 12:04:34[db.js] info: "database up and running on development"
2023-01-20 12:05:00[db.js] info: "server running on development"
2023-01-20 12:05:00[db.js] info: "database up and running on development"
2023-01-20 12:05:10[db.js] info: "server running on development"
2023-01-20 12:05:10[db.js] info: "database up and running on development"
2023-01-20 12:06:13[db.js] info: "server running on development"
2023-01-20 12:06:13[db.js] info: "database up and running on development"
2023-01-20 12:28:41[db.js] info: "server running on development"
2023-01-20 12:28:41[db.js] info: "database up and running on development"
2023-01-20 12:30:41[db.js] info: "server running on development"
2023-01-20 12:30:41[db.js] info: "database up and running on development"
2023-01-20 12:31:03[db.js] info: "server running on development"
2023-01-20 12:31:03[db.js] info: "database up and running on development"
2023-01-20 12:51:20[db.js] info: "server running on development"
2023-01-20 12:51:20[db.js] info: "database up and running on development"
2023-01-20 12:51:45[db.js] info: "server running on development"
2023-01-20 12:51:45[db.js] info: "database up and running on development"
2023-01-21 12:47:32[db.js] info: "server running on development"
2023-01-21 12:47:33[db.js] info: "database up and running on development"
2023-01-21 12:58:12[db.js] info: "GET /api/admin/getoneuser 200 11 - 958.869 ms\n"
2023-01-22 00:05:21[db.js] info: "server running on development"
2023-01-22 00:05:21[db.js] info: "database up and running on development"
2023-01-22 00:11:50[db.js] info: "server running on development"
2023-01-22 00:11:51[db.js] info: "database up and running on development"
2023-01-22 00:13:15[db.js] info: "server running on development"
2023-01-22 00:13:15[db.js] info: "database up and running on development"
2023-01-22 00:15:04[db.js] info: "server running on development"
2023-01-22 00:15:04[db.js] info: "database up and running on development"
2023-01-22 00:23:32[db.js] info: "server running on development"
2023-01-22 00:23:32[db.js] info: "database up and running on development"
2023-01-22 00:23:45[db.js] info: "server running on development"
2023-01-22 00:23:46[db.js] info: "database up and running on development"
2023-01-22 00:23:58[db.js] info: "server running on development"
2023-01-22 00:23:58[db.js] info: "database up and running on development"
2023-01-22 00:27:47[db.js] info: "server running on development"
2023-01-22 00:27:48[db.js] info: "database up and running on development"
2023-01-22 00:30:52[db.js] info: "server running on development"
2023-01-22 00:30:53[db.js] info: "database up and running on development"
2023-01-22 00:31:50[db.js] info: "server running on development"
2023-01-22 00:31:51[db.js] info: "database up and running on development"
2023-01-22 00:32:33[db.js] info: "server running on development"
2023-01-22 00:32:33[db.js] info: "database up and running on development"
2023-01-22 00:33:16[db.js] info: "server running on development"
2023-01-22 00:33:17[db.js] info: "database up and running on development"
2023-01-22 00:33:24[db.js] info: "server running on development"
2023-01-22 00:33:24[db.js] info: "database up and running on development"
2023-01-22 00:37:50[db.js] info: "server running on development"
2023-01-22 00:37:51[db.js] info: "database up and running on development"
2023-01-22 00:40:46[db.js] info: "server running on development"
2023-01-22 00:40:46[db.js] info: "database up and running on development"
2023-01-22 00:41:49[db.js] info: "server running on development"
2023-01-22 00:41:49[db.js] info: "database up and running on development"
2023-01-22 00:51:03[db.js] info: "server running on development"
2023-01-22 00:51:03[db.js] info: "database up and running on development"
2023-01-22 00:51:21[db.js] info: "server running on development"
2023-01-22 00:51:21[db.js] info: "database up and running on development"
2023-01-22 00:52:02[db.js] info: "server running on development"
2023-01-22 00:52:02[db.js] info: "database up and running on development"
2023-01-22 00:52:13[db.js] info: "server running on development"
2023-01-22 00:52:14[db.js] info: "database up and running on development"
2023-01-22 00:52:39[db.js] info: "server running on development"
2023-01-22 00:52:49[db.js] info: "server running on development"
2023-01-22 00:52:50[db.js] info: "database up and running on development"
2023-01-22 00:53:28[db.js] info: "server running on development"
2023-01-22 00:53:29[db.js] info: "database up and running on development"
2023-01-22 00:53:46[db.js] info: "server running on development"
2023-01-22 00:53:46[db.js] info: "database up and running on development"
2023-01-22 00:55:00[db.js] info: "server running on development"
2023-01-22 00:55:00[db.js] info: "database up and running on development"
2023-01-22 00:55:15[db.js] info: "server running on development"
2023-01-22 00:55:21[db.js] info: "server running on development"
2023-01-22 00:55:21[db.js] info: "database up and running on development"
2023-01-22 00:55:48[db.js] info: "server running on development"
2023-01-22 00:55:48[db.js] info: "database up and running on development"
2023-01-22 00:56:09[db.js] info: "server running on development"
2023-01-22 00:56:09[db.js] info: "database up and running on development"
2023-01-22 00:56:35[db.js] info: "server running on development"
2023-01-22 00:56:36[db.js] info: "database up and running on development"
2023-01-22 00:58:48[db.js] info: "server running on development"
2023-01-22 00:58:48[db.js] info: "database up and running on development"
2023-01-22 00:59:59[db.js] info: "server running on development"
2023-01-23 12:04:57[db.js] info: "server running on development"
2023-01-23 12:04:57[db.js] info: "database up and running on development"
2023-01-23 12:07:28[db.js] info: "POST /api/drug/registernew 405 32 - 447.514 ms\n"
2023-01-23 12:07:59[db.js] info: "POST /api/drug/registernew 405 32 - 13.372 ms\n"
2023-01-23 12:11:29[db.js] info: "server running on development"
2023-01-23 12:11:29[db.js] info: "database up and running on development"
2023-01-23 12:12:03[db.js] info: "server running on development"
2023-01-23 12:12:03[db.js] info: "database up and running on development"
2023-01-23 12:12:22[db.js] info: "server running on development"
2023-01-23 12:12:22[db.js] info: "database up and running on development"
2023-01-23 12:12:31[db.js] info: "server running on development"
2023-01-23 12:12:31[db.js] info: "database up and running on development"
2023-01-23 12:12:47[db.js] info: "server running on development"
2023-01-23 12:12:47[db.js] info: "database up and running on development"
2023-01-23 12:21:25[db.js] info: "POST /api/drug/registernew 202 470 - 145.170 ms\n"
2023-01-23 12:22:15[db.js] info: "server running on development"
2023-01-23 12:22:15[db.js] info: "database up and running on development"
2023-01-23 12:22:30[db.js] info: "POST /api/drug/registernew 201 122 - 114.810 ms\n"
2023-01-23 12:26:45[db.js] info: "POST /api/admin/login 200 16979 - 529.651 ms\n"
2023-01-23 12:27:27[db.js] info: "server running on development"
2023-01-23 12:27:27[db.js] info: "database up and running on development"
2023-01-23 12:27:31[db.js] info: "server running on development"
2023-01-23 12:27:31[db.js] info: "database up and running on development"
2023-01-23 12:27:55[db.js] info: "server running on development"
2023-01-23 12:27:55[db.js] info: "database up and running on development"
2023-01-23 12:28:06[db.js] info: "server running on development"
2023-01-23 12:28:06[db.js] info: "database up and running on development"
2023-01-23 12:55:14[db.js] info: "server running on development"
2023-01-23 12:55:14[db.js] info: "database up and running on development"
2023-01-23 12:56:50[db.js] info: "POST /api/admin/login?patientId=AFIT-SUPERs&password=tobi 401 199 - 113.956 ms\n"
