2023-01-15 14:02:43[db.js] info: "server running on development"
2023-01-15 14:02:44[db.js] info: "database up and running on development"
2023-01-15 14:10:28[db.js] info: "server running on development"
2023-01-15 14:10:28[db.js] info: "database up and running on development"
2023-01-15 14:11:48[db.js] info: "POST /api/patient/login 200 202 - 337.030 ms\n"
2023-01-15 14:12:18[db.js] info: "server running on development"
2023-01-15 14:12:18[db.js] info: "database up and running on development"
2023-01-15 14:12:28[db.js] info: "POST /api/patient/login 200 224 - 261.461 ms\n"
2023-01-15 14:13:07[db.js] info: "server running on development"
2023-01-15 14:13:08[db.js] info: "database up and running on development"
2023-01-15 14:13:19[db.js] info: "POST /api/patient/login 200 224 - 187.566 ms\n"
2023-01-15 14:24:43[db.js] info: "server running on development"
2023-01-15 14:24:43[db.js] info: "database up and running on development"
2023-01-15 14:25:06[db.js] info: "server running on development"
2023-01-15 14:25:06[db.js] info: "database up and running on development"
2023-01-15 14:25:12[db.js] info: "server running on development"
2023-01-15 14:25:12[db.js] info: "database up and running on development"
2023-01-15 14:25:19[db.js] info: "server running on development"
2023-01-15 14:25:19[db.js] info: "database up and running on development"
2023-01-15 14:25:57[db.js] info: "server running on development"
2023-01-15 14:25:57[db.js] info: "database up and running on development"
2023-01-15 14:27:04[db.js] info: "server running on development"
2023-01-15 14:27:04[db.js] info: "database up and running on development"
2023-01-15 14:27:17[db.js] info: "server running on development"
2023-01-15 14:27:17[db.js] info: "database up and running on development"
2023-01-15 14:28:27[db.js] info: "POST /api/patient/login 200 206 - 325.447 ms\n"
2023-01-15 14:29:09[db.js] info: "server running on development"
2023-01-15 14:29:09[db.js] info: "database up and running on development"
2023-01-15 14:29:24[db.js] info: "server running on development"
2023-01-15 14:29:24[db.js] info: "database up and running on development"
2023-01-15 14:29:30[db.js] info: "POST /api/patient/login 200 212 - 642.516 ms\n"
2023-01-15 14:30:10[db.js] info: "server running on development"
2023-01-15 14:30:10[db.js] info: "database up and running on development"
2023-01-15 14:35:24[db.js] info: "server running on development"
2023-01-15 14:35:24[db.js] info: "database up and running on development"
2023-01-15 14:35:29[db.js] info: "server running on development"
2023-01-15 14:35:29[db.js] info: "database up and running on development"
2023-01-15 14:39:44[db.js] info: "server running on development"
2023-01-15 14:39:44[db.js] info: "database up and running on development"
2023-01-15 14:40:34[db.js] info: "server running on development"
2023-01-15 14:40:35[db.js] info: "database up and running on development"
2023-01-15 14:41:08[db.js] info: "server running on development"
2023-01-15 14:41:12[db.js] info: "server running on development"
2023-01-15 14:41:12[db.js] info: "database up and running on development"
2023-01-15 14:41:30[db.js] info: "server running on development"
2023-01-15 14:41:30[db.js] info: "database up and running on development"
2023-01-15 14:41:38[db.js] info: "server running on development"
2023-01-15 14:41:38[db.js] info: "database up and running on development"
2023-01-15 14:41:51[db.js] info: "server running on development"
2023-01-15 14:41:51[db.js] info: "database up and running on development"
2023-01-15 14:41:53[db.js] info: "POST /api/patient/login 200 206 - 483.096 ms\n"
2023-01-15 14:43:05[db.js] info: "server running on development"
2023-01-15 14:43:05[db.js] info: "database up and running on development"
2023-01-15 14:43:42[db.js] info: "POST /api/patient/login 200 206 - 436.490 ms\n"
2023-01-15 14:44:14[db.js] info: "server running on development"
2023-01-15 14:44:14[db.js] info: "database up and running on development"
2023-01-15 14:44:35[db.js] info: "POST /api/patient/login 200 205 - 700.195 ms\n"
2023-01-15 14:44:59[db.js] info: "server running on development"
2023-01-15 14:44:59[db.js] info: "database up and running on development"
2023-01-15 14:45:32[db.js] info: "server running on development"
2023-01-15 14:45:32[db.js] info: "database up and running on development"
2023-01-15 14:47:22[db.js] info: "POST /api/patient/login 200 224 - 798.125 ms\n"
2023-01-15 14:49:40[db.js] info: "server running on development"
2023-01-15 14:49:40[db.js] info: "database up and running on development"
2023-01-15 14:49:42[db.js] info: "POST /api/patient/login 200 224 - 808.177 ms\n"
2023-01-20 14:00:35[db.js] info: "server running on development"
2023-01-20 14:00:35[db.js] info: "database up and running on development"
2023-01-20 14:00:44[db.js] info: "server running on development"
2023-01-20 14:00:44[db.js] info: "database up and running on development"
2023-01-20 14:00:50[db.js] info: "server running on development"
2023-01-20 14:00:50[db.js] info: "database up and running on development"
2023-01-20 14:04:00[db.js] info: "server running on development"
2023-01-20 14:04:00[db.js] info: "database up and running on development"
2023-01-20 14:05:19[db.js] info: "server running on development"
2023-01-20 14:05:20[db.js] info: "database up and running on development"
2023-01-20 14:05:30[db.js] info: "server running on development"
2023-01-20 14:05:31[db.js] info: "database up and running on development"
2023-01-20 14:05:36[db.js] info: "server running on development"
2023-01-20 14:05:36[db.js] info: "database up and running on development"
2023-01-20 14:05:43[db.js] info: "server running on development"
2023-01-20 14:05:43[db.js] info: "database up and running on development"
2023-01-20 14:05:58[db.js] info: "server running on development"
2023-01-20 14:05:58[db.js] info: "database up and running on development"
2023-01-20 14:06:09[db.js] info: "server running on development"
2023-01-20 14:06:09[db.js] info: "database up and running on development"
2023-01-20 14:06:36[db.js] info: "server running on development"
2023-01-20 14:06:36[db.js] info: "database up and running on development"
2023-01-20 14:07:02[db.js] info: "server running on development"
2023-01-20 14:07:03[db.js] info: "database up and running on development"
2023-01-20 14:07:21[db.js] info: "server running on development"
2023-01-20 14:07:21[db.js] info: "database up and running on development"
2023-01-20 14:08:16[db.js] info: "server running on development"
2023-01-20 14:08:16[db.js] info: "database up and running on development"
2023-01-20 14:08:31[db.js] info: "server running on development"
2023-01-20 14:08:34[db.js] info: "server running on development"
2023-01-20 14:08:35[db.js] info: "database up and running on development"
2023-01-20 14:12:22[db.js] info: "server running on development"
2023-01-20 14:12:22[db.js] info: "database up and running on development"
2023-01-20 14:12:28[db.js] info: "server running on development"
2023-01-20 14:12:28[db.js] info: "database up and running on development"
2023-01-20 14:12:35[db.js] info: "server running on development"
2023-01-20 14:12:36[db.js] info: "database up and running on development"
2023-01-20 14:12:40[db.js] info: "server running on development"
2023-01-20 14:12:40[db.js] info: "database up and running on development"
2023-01-20 14:13:13[db.js] info: "server running on development"
2023-01-20 14:13:13[db.js] info: "database up and running on development"
2023-01-20 14:13:20[db.js] info: "server running on development"
2023-01-20 14:13:20[db.js] info: "database up and running on development"
2023-01-20 14:14:48[db.js] info: "POST /api/admin/login 401 199 - 208.196 ms\n"
2023-01-20 14:15:35[db.js] info: "server running on development"
2023-01-20 14:15:35[db.js] info: "database up and running on development"
2023-01-20 14:15:53[db.js] info: "POST /api/admin/login 401 199 - 53.844 ms\n"
2023-01-20 14:16:22[db.js] info: "POST /api/admin/login 200 16737 - 471.078 ms\n"
2023-01-20 14:17:39[db.js] info: "server running on development"
2023-01-20 14:17:39[db.js] info: "database up and running on development"
2023-01-20 14:18:25[db.js] info: "server running on development"
2023-01-20 14:18:25[db.js] info: "database up and running on development"
2023-01-20 14:18:38[db.js] info: "server running on development"
2023-01-20 14:18:38[db.js] info: "database up and running on development"
2023-01-20 14:18:49[db.js] info: "server running on development"
2023-01-20 14:18:49[db.js] info: "database up and running on development"
2023-01-20 14:19:30[db.js] info: "server running on development"
2023-01-20 14:19:30[db.js] info: "database up and running on development"
2023-01-20 14:19:44[db.js] info: "server running on development"
2023-01-20 14:19:44[db.js] info: "database up and running on development"
2023-01-20 14:19:54[db.js] info: "server running on development"
2023-01-20 14:19:54[db.js] info: "database up and running on development"
2023-01-20 14:20:14[db.js] info: "server running on development"
2023-01-20 14:20:14[db.js] info: "database up and running on development"
2023-01-20 14:20:27[db.js] info: "server running on development"
2023-01-20 14:20:27[db.js] info: "database up and running on development"
2023-01-20 14:21:11[db.js] info: "server running on development"
2023-01-20 14:21:11[db.js] info: "database up and running on development"
2023-01-20 14:21:17[db.js] info: "POST /api/admin/login 200 308 - 386.229 ms\n"
2023-01-20 14:21:41[db.js] info: "server running on development"
2023-01-20 14:21:41[db.js] info: "database up and running on development"
2023-01-20 14:21:48[db.js] info: "POST /api/admin/login 200 16979 - 501.385 ms\n"
2023-01-20 14:28:59[db.js] info: "GET /api/admin/getone 200 237 - 68.473 ms\n"
2023-01-20 14:29:43[db.js] info: "server running on development"
2023-01-20 14:29:43[db.js] info: "database up and running on development"
2023-01-20 14:29:54[db.js] info: "server running on development"
2023-01-20 14:29:54[db.js] info: "database up and running on development"
2023-01-20 14:30:13[db.js] info: "server running on development"
2023-01-20 14:30:13[db.js] info: "database up and running on development"
2023-01-20 14:30:19[db.js] info: "GET /api/admin/getone 200 8 - 114.297 ms\n"
2023-01-20 14:31:19[db.js] info: "server running on development"
2023-01-20 14:31:19[db.js] info: "database up and running on development"
2023-01-20 14:36:17[db.js] info: "GET /api/admin/getone 200 8 - 84.866 ms\n"
2023-01-20 14:36:44[db.js] info: "server running on development"
2023-01-20 14:36:44[db.js] info: "database up and running on development"
2023-01-20 14:36:51[db.js] info: "GET /api/admin/getone 200 8 - 81.066 ms\n"
2023-01-20 14:37:49[db.js] info: "server running on development"
2023-01-20 14:37:50[db.js] info: "database up and running on development"
2023-01-20 14:39:13[db.js] info: "server running on development"
2023-01-20 14:39:13[db.js] info: "database up and running on development"
2023-01-20 14:39:17[db.js] info: "GET /api/admin/getone 200 8 - 144.787 ms\n"
2023-01-20 14:39:21[db.js] info: "GET /api/admin/getone 200 8 - 16.469 ms\n"
2023-01-20 14:40:42[db.js] info: "server running on development"
2023-01-20 14:40:42[db.js] info: "database up and running on development"
2023-01-20 14:45:58[db.js] info: "server running on development"
2023-01-20 14:45:58[db.js] info: "database up and running on development"
2023-01-20 14:46:02[db.js] info: "server running on development"
2023-01-20 14:46:02[db.js] info: "database up and running on development"
2023-01-20 14:46:16[db.js] info: "server running on development"
2023-01-20 14:46:16[db.js] info: "database up and running on development"
2023-01-20 14:46:40[db.js] info: "server running on development"
2023-01-20 14:46:40[db.js] info: "database up and running on development"
2023-01-20 14:46:44[db.js] info: "GET /api/admin/getone 200 366 - 78.074 ms\n"
2023-01-20 14:47:06[db.js] info: "GET /api/admin/getone 200 2 - 28.957 ms\n"
2023-01-20 14:47:17[db.js] info: "GET /api/admin/getone 200 3433 - 28.686 ms\n"
2023-01-21 14:33:02[db.js] info: "GET /api/admin/getoneuser 200 633 - 3472.876 ms\n"
2023-01-21 14:35:27[db.js] info: "server running on development"
2023-01-21 14:35:27[db.js] info: "database up and running on development"
2023-01-21 14:39:55[db.js] info: "GET /api/admin/getoneuser 200 639 - 69.888 ms\n"
2023-01-21 14:40:17[db.js] info: "server running on development"
2023-01-21 14:40:17[db.js] info: "database up and running on development"
2023-01-21 14:40:24[db.js] info: "GET /api/admin/getoneuser 200 415 - 814.342 ms\n"
2023-01-21 14:40:55[db.js] info: "server running on development"
2023-01-21 14:40:56[db.js] info: "database up and running on development"
2023-01-21 14:45:28[db.js] info: "GET /api/admin/getoneuser 200 11 - 221.148 ms\n"
2023-01-21 14:45:54[db.js] info: "server running on development"
2023-01-21 14:45:55[db.js] info: "database up and running on development"
2023-01-21 14:49:55[db.js] info: "GET /api/admin/getoneuser 200 11 - 76.153 ms\n"
2023-01-21 14:58:21[db.js] info: "server running on development"
2023-01-21 14:58:21[db.js] info: "database up and running on development"
2023-01-21 14:59:26[db.js] info: "GET /api/admin/getoneuser 200 415 - 215.668 ms\n"
2023-01-23 14:01:11[db.js] info: "POST /api/patient/prescribtion?disburse 200 470 - 23.681 ms\n"
2023-01-23 14:02:30[db.js] info: "server running on development"
2023-01-23 14:02:30[db.js] info: "database up and running on development"
2023-01-23 14:03:25[db.js] info: "POST /api/patient/prescribtion?disburse 401 210 - 410.472 ms\n"
2023-01-23 14:03:57[db.js] info: "server running on development"
2023-01-23 14:03:57[db.js] info: "database up and running on development"
2023-01-23 14:04:00[db.js] info: "server running on development"
2023-01-23 14:04:01[db.js] info: "database up and running on development"
2023-01-23 14:04:27[db.js] info: "POST /api/patient/prescribtion?disburse 202 687 - 314.996 ms\n"
2023-01-23 14:06:31[db.js] info: "server running on development"
2023-01-23 14:06:31[db.js] info: "database up and running on development"
2023-01-23 14:06:54[db.js] info: "server running on development"
2023-01-23 14:06:54[db.js] info: "database up and running on development"
2023-01-23 14:07:33[db.js] info: "GET /api/admin/getoneuser 401 1140 - 36.574 ms\n"
2023-01-23 14:08:22[db.js] info: "GET /api/admin/getoneuser 200 11 - 300.862 ms\n"
2023-01-23 14:11:06[db.js] info: "server running on development"
2023-01-23 14:11:06[db.js] info: "database up and running on development"
