2023-01-15 15:01:26[db.js] info: "server running on development"
2023-01-15 15:01:26[db.js] info: "database up and running on development"
2023-01-15 15:01:35[db.js] info: "POST /api/patient/login 200 224 - 423.017 ms\n"
2023-01-15 15:03:05[db.js] info: "server running on development"
2023-01-15 15:03:05[db.js] info: "database up and running on development"
2023-01-15 15:03:14[db.js] info: "server running on development"
2023-01-15 15:03:14[db.js] info: "database up and running on development"
2023-01-15 15:03:36[db.js] info: "server running on development"
2023-01-15 15:03:36[db.js] info: "database up and running on development"
2023-01-15 15:03:58[db.js] info: "server running on development"
2023-01-15 15:03:58[db.js] info: "database up and running on development"
2023-01-15 15:05:26[db.js] info: "POST /api/patient/login 200 224 - 45781.507 ms\n"
2023-01-15 15:06:47[db.js] info: "server running on development"
2023-01-15 15:06:47[db.js] info: "database up and running on development"
2023-01-15 15:07:34[db.js] info: "POST /api/patient/login 200 224 - 36763.848 ms\n"
2023-01-15 15:08:30[db.js] info: "server running on development"
2023-01-15 15:08:30[db.js] info: "database up and running on development"
2023-01-15 15:13:05[db.js] info: "server running on development"
2023-01-15 15:13:06[db.js] info: "database up and running on development"
2023-01-15 15:13:11[db.js] info: "POST /api/patient/login 200 212 - 482.823 ms\n"
2023-01-15 15:13:48[db.js] info: "server running on development"
2023-01-15 15:13:48[db.js] info: "database up and running on development"
2023-01-15 15:15:03[db.js] info: "server running on development"
2023-01-15 15:15:03[db.js] info: "database up and running on development"
2023-01-15 15:19:56[db.js] info: "server running on development"
2023-01-15 15:19:56[db.js] info: "database up and running on development"
2023-01-15 15:20:04[db.js] info: "server running on development"
2023-01-15 15:20:04[db.js] info: "database up and running on development"
2023-01-15 15:20:08[db.js] info: "server running on development"
2023-01-15 15:20:09[db.js] info: "database up and running on development"
2023-01-15 15:20:16[db.js] info: "POST /api/patient/login 200 206 - 787.962 ms\n"
2023-01-15 15:20:32[db.js] info: "server running on development"
2023-01-15 15:20:32[db.js] info: "database up and running on development"
2023-01-15 15:20:38[db.js] info: "POST /api/patient/login 200 224 - 1476.239 ms\n"
2023-01-15 15:21:09[db.js] info: "server running on development"
2023-01-15 15:21:09[db.js] info: "database up and running on development"
2023-01-15 15:21:15[db.js] info: "POST /api/patient/login 200 224 - 787.216 ms\n"
2023-01-15 15:22:00[db.js] info: "server running on development"
2023-01-15 15:22:01[db.js] info: "database up and running on development"
2023-01-15 15:22:09[db.js] info: "POST /api/patient/login 200 224 - 520.040 ms\n"
2023-01-15 15:22:48[db.js] info: "server running on development"
2023-01-15 15:22:48[db.js] info: "database up and running on development"
2023-01-15 15:24:53[db.js] info: "server running on development"
2023-01-15 15:24:53[db.js] info: "database up and running on development"
2023-01-15 15:25:00[db.js] info: "server running on development"
2023-01-15 15:25:00[db.js] info: "database up and running on development"
2023-01-15 15:25:18[db.js] info: "POST /api/patient/login 200 12931 - 361.272 ms\n"
2023-01-15 15:26:30[db.js] info: "server running on development"
2023-01-15 15:26:30[db.js] info: "database up and running on development"
2023-01-15 15:26:47[db.js] info: "server running on development"
2023-01-15 15:26:47[db.js] info: "database up and running on development"
2023-01-15 15:27:07[db.js] info: "server running on development"
2023-01-15 15:27:07[db.js] info: "database up and running on development"
2023-01-15 15:27:19[db.js] info: "server running on development"
2023-01-15 15:27:19[db.js] info: "database up and running on development"
2023-01-15 15:27:26[db.js] info: "POST /api/patient/login 200 204 - 472.093 ms\n"
2023-01-15 15:28:24[db.js] info: "server running on development"
2023-01-15 15:28:45[db.js] info: "server running on development"
2023-01-15 15:28:45[db.js] info: "database up and running on development"
2023-01-15 15:28:50[db.js] info: "POST /api/patient/login 200 224 - 436.981 ms\n"
2023-01-15 15:29:32[db.js] info: "server running on development"
2023-01-15 15:29:32[db.js] info: "database up and running on development"
2023-01-15 15:29:39[db.js] info: "POST /api/patient/login 200 224 - 547.329 ms\n"
2023-01-15 15:30:10[db.js] info: "server running on development"
2023-01-15 15:30:10[db.js] info: "database up and running on development"
2023-01-15 15:30:25[db.js] info: "POST /api/patient/login 200 224 - 339.622 ms\n"
2023-01-15 15:30:48[db.js] info: "server running on development"
2023-01-15 15:30:48[db.js] info: "database up and running on development"
2023-01-15 15:31:01[db.js] info: "POST /api/patient/login 200 224 - 382.919 ms\n"
2023-01-15 15:34:43[db.js] info: "server running on development"
2023-01-15 15:34:44[db.js] info: "database up and running on development"
2023-01-15 15:35:04[db.js] info: "POST /api/patient/login 200 224 - 433.311 ms\n"
2023-01-15 15:35:28[db.js] info: "server running on development"
2023-01-15 15:35:28[db.js] info: "database up and running on development"
2023-01-15 15:35:38[db.js] info: "POST /api/patient/login 200 224 - 529.382 ms\n"
2023-01-15 15:48:23[db.js] info: "server running on development"
2023-01-15 15:48:23[db.js] info: "database up and running on development"
2023-01-15 15:49:33[db.js] info: "server running on development"
2023-01-15 15:49:33[db.js] info: "database up and running on development"
2023-01-15 15:49:44[db.js] info: "server running on development"
2023-01-15 15:49:45[db.js] info: "database up and running on development"
2023-01-15 15:49:51[db.js] info: "server running on development"
2023-01-15 15:49:51[db.js] info: "database up and running on development"
2023-01-15 15:50:11[db.js] info: "server running on development"
2023-01-15 15:50:11[db.js] info: "database up and running on development"
2023-01-15 15:51:12[db.js] info: "server running on development"
2023-01-15 15:51:13[db.js] info: "database up and running on development"
2023-01-15 15:51:31[db.js] info: "server running on development"
2023-01-15 15:51:31[db.js] info: "database up and running on development"
2023-01-15 15:52:07[db.js] info: "server running on development"
2023-01-15 15:52:07[db.js] info: "database up and running on development"
2023-01-15 15:52:13[db.js] info: "server running on development"
2023-01-15 15:52:13[db.js] info: "database up and running on development"
2023-01-15 15:52:23[db.js] info: "server running on development"
2023-01-15 15:52:23[db.js] info: "database up and running on development"
2023-01-15 15:52:36[db.js] info: "server running on development"
2023-01-15 15:52:36[db.js] info: "database up and running on development"
2023-01-15 15:53:07[db.js] info: "server running on development"
2023-01-15 15:53:07[db.js] info: "database up and running on development"
2023-01-15 15:53:18[db.js] info: "POST /api/patient/login 200 204 - 1279.973 ms\n"
2023-01-15 15:54:12[db.js] info: "server running on development"
2023-01-15 15:54:12[db.js] info: "database up and running on development"
2023-01-15 15:54:52[db.js] info: "server running on development"
2023-01-15 15:54:52[db.js] info: "database up and running on development"
2023-01-15 15:55:09[db.js] info: "POST /api/patient/login 200 242 - 533.320 ms\n"
2023-01-19 15:42:41[db.js] info: "server running on development"
2023-01-19 15:42:41[db.js] info: "database up and running on development"
2023-01-19 15:55:18[db.js] info: "server running on development"
2023-01-19 15:55:18[db.js] info: "database up and running on development"
2023-01-19 15:55:31[db.js] info: "server running on development"
2023-01-19 15:55:31[db.js] info: "database up and running on development"
2023-01-19 15:57:22[db.js] info: "GET /api/admin/login?patientId&password 404 154 - 7.445 ms\n"
2023-01-20 15:02:01[db.js] info: "GET /api/patient/data 404 155 - 10.557 ms\n"
2023-01-20 15:03:37[db.js] info: "server running on development"
2023-01-20 15:03:37[db.js] info: "database up and running on development"
2023-01-20 15:03:52[db.js] info: "GET /api/patient/data 400 105 - 1213.511 ms\n"
2023-01-20 15:05:14[db.js] info: "GET /api/patient/data 200 1136 - 1144.061 ms\n"
2023-01-20 15:06:05[db.js] info: "GET /api/patient/data 400 84 - 651.570 ms\n"
2023-01-20 15:15:30[db.js] info: "GET /api/patient/search 404 157 - 6.585 ms\n"
2023-01-20 15:16:14[db.js] info: "server running on development"
2023-01-20 15:16:14[db.js] info: "database up and running on development"
2023-01-20 15:16:20[db.js] info: "server running on development"
2023-01-20 15:16:20[db.js] info: "database up and running on development"
2023-01-20 15:16:28[db.js] info: "server running on development"
2023-01-20 15:16:28[db.js] info: "database up and running on development"
2023-01-20 15:19:55[db.js] info: "server running on development"
2023-01-20 15:19:55[db.js] info: "database up and running on development"
2023-01-20 15:20:03[db.js] info: "GET /api/patient/search 404 157 - 39.252 ms\n"
2023-01-20 15:20:23[db.js] info: "GET /api/drug/search 200 729 - 2322.535 ms\n"
2023-01-20 15:20:52[db.js] info: "GET /api/drug/search 200 611 - 1516.033 ms\n"
2023-01-20 15:22:05[db.js] info: "GET /api/drug/search 200 660 - 2567.967 ms\n"
2023-01-20 15:37:05[db.js] info: "server running on development"
2023-01-20 15:37:05[db.js] info: "database up and running on development"
2023-01-20 15:37:19[db.js] info: "server running on development"
2023-01-20 15:37:19[db.js] info: "database up and running on development"
2023-01-20 15:45:45[db.js] info: "server running on development"
2023-01-20 15:45:45[db.js] info: "database up and running on development"
2023-01-20 15:45:51[db.js] info: "server running on development"
2023-01-20 15:45:52[db.js] info: "database up and running on development"
2023-01-20 15:46:04[db.js] info: "server running on development"
2023-01-20 15:46:07[db.js] info: "server running on development"
2023-01-20 15:46:07[db.js] info: "database up and running on development"
2023-01-20 15:46:35[db.js] info: "server running on development"
2023-01-20 15:46:36[db.js] info: "database up and running on development"
2023-01-20 15:46:47[db.js] info: "server running on development"
2023-01-20 15:46:47[db.js] info: "database up and running on development"
2023-01-20 15:51:40[db.js] info: "server running on development"
2023-01-20 15:51:40[db.js] info: "database up and running on development"
2023-01-20 15:54:29[db.js] info: "server running on development"
2023-01-20 15:54:29[db.js] info: "database up and running on development"
2023-01-20 15:54:34[db.js] info: "server running on development"
2023-01-20 15:54:34[db.js] info: "database up and running on development"
2023-01-21 15:02:19[db.js] info: "server running on development"
2023-01-21 15:02:19[db.js] info: "database up and running on development"
2023-01-21 15:02:25[db.js] info: "server running on development"
2023-01-21 15:02:25[db.js] info: "database up and running on development"
2023-01-21 15:04:23[db.js] info: "GET /api/admin/getoneuser 200 415 - 95.449 ms\n"
2023-01-21 15:11:01[db.js] info: "GET /api/admin/getoneuser 200 415 - 17.769 ms\n"
2023-01-21 15:18:22[db.js] info: "server running on development"
2023-01-21 15:18:22[db.js] info: "database up and running on development"
2023-01-21 15:19:17[db.js] info: "GET /api/admin/getoneuser 200 11 - 75.584 ms\n"
2023-01-21 15:20:04[db.js] info: "server running on development"
2023-01-21 15:20:04[db.js] info: "database up and running on development"
2023-01-21 15:20:10[db.js] info: "server running on development"
2023-01-21 15:20:10[db.js] info: "database up and running on development"
2023-01-21 15:20:42[db.js] info: "GET /api/admin/getoneuser 200 11 - 122.656 ms\n"
2023-01-21 15:21:02[db.js] info: "server running on development"
2023-01-21 15:21:03[db.js] info: "database up and running on development"
2023-01-21 15:21:39[db.js] info: "GET /api/admin/getoneuser 200 415 - 101.215 ms\n"
2023-01-21 15:22:12[db.js] info: "server running on development"
2023-01-21 15:22:12[db.js] info: "database up and running on development"
2023-01-21 15:22:19[db.js] info: "GET /api/admin/getoneuser 200 1449 - 215.173 ms\n"
