2023-01-15 18:03:10[db.js] info: "server running on development"
2023-01-15 18:03:10[db.js] info: "database up and running on development"
2023-01-15 18:03:57[db.js] info: "POST /api/patient/login 200 384 - 1944.361 ms\n"
2023-01-15 18:04:50[db.js] info: "server running on development"
2023-01-15 18:04:50[db.js] info: "database up and running on development"
2023-01-15 18:05:22[db.js] info: "server running on development"
2023-01-15 18:05:22[db.js] info: "database up and running on development"
2023-01-15 18:06:41[db.js] info: "POST /api/patient/login 200 2 - 452.867 ms\n"
2023-01-15 18:07:25[db.js] info: "server running on development"
2023-01-15 18:07:25[db.js] info: "database up and running on development"
2023-01-15 18:07:34[db.js] info: "POST /api/patient/login 200 2 - 563.055 ms\n"
2023-01-15 18:08:27[db.js] info: "server running on development"
2023-01-15 18:08:28[db.js] info: "database up and running on development"
2023-01-15 18:10:01[db.js] info: "server running on development"
2023-01-15 18:10:01[db.js] info: "database up and running on development"
2023-01-15 18:10:31[db.js] info: "POST /api/patient/login 200 12864 - 27825.165 ms\n"
2023-01-15 18:12:59[db.js] info: "server running on development"
2023-01-15 18:12:59[db.js] info: "database up and running on development"
2023-01-15 18:13:03[db.js] info: "POST /api/patient/login 200 2 - 1115.464 ms\n"
2023-01-15 18:21:44[db.js] info: "server running on development"
2023-01-15 18:21:44[db.js] info: "database up and running on development"
2023-01-15 18:22:24[db.js] info: "server running on development"
2023-01-15 18:22:24[db.js] info: "database up and running on development"
2023-01-15 18:22:58[db.js] info: "POST /api/patient/login 200 210 - 1351.954 ms\n"
2023-01-15 18:23:20[db.js] info: "server running on development"
2023-01-15 18:23:20[db.js] info: "database up and running on development"
2023-01-15 18:23:28[db.js] info: "POST /api/patient/login 200 927 - 1922.967 ms\n"
2023-01-15 18:27:23[db.js] info: "server running on development"
2023-01-15 18:27:24[db.js] info: "database up and running on development"
2023-01-15 18:27:46[db.js] info: "server running on development"
2023-01-15 18:27:46[db.js] info: "database up and running on development"
2023-01-15 18:32:16[db.js] info: "server running on development"
2023-01-15 18:32:16[db.js] info: "database up and running on development"
2023-01-15 18:37:49[db.js] info: "POST /api/patient/login 200 1261 - 288.184 ms\n"
2023-01-15 18:41:42[db.js] info: "server running on development"
2023-01-15 18:41:42[db.js] info: "database up and running on development"
2023-01-15 18:41:53[db.js] info: "POST /api/patient/login 200 1261 - 497.233 ms\n"
2023-01-19 18:32:32[db.js] info: "POST /api/patient/register 200 642 - 1753.746 ms\n"
2023-01-19 18:49:21[db.js] info: "POST /api/patient/register 200 611 - 57.876 ms\n"
2023-01-19 18:56:54[db.js] info: "server running on development"
2023-01-19 18:56:54[db.js] info: "database up and running on development"
2023-01-19 18:56:58[db.js] info: "POST /api/patient/register 200 550 - 244.852 ms\n"
2023-01-19 18:57:55[db.js] info: "POST /api/patient/register 202 102 - 93.691 ms\n"
2023-01-19 18:59:04[db.js] info: "POST /api/patient/register 202 101 - 33.698 ms\n"
2023-01-19 18:59:15[db.js] info: "POST /api/staff/login 404 155 - 5.349 ms\n"
2023-01-20 18:03:26[db.js] info: "server running on development"
2023-01-20 18:03:26[db.js] info: "database up and running on development"
2023-01-20 18:12:51[db.js] info: "server running on development"
2023-01-20 18:12:51[db.js] info: "database up and running on development"
2023-01-20 18:14:42[db.js] info: "server running on development"
2023-01-20 18:14:42[db.js] info: "database up and running on development"
2023-01-20 18:15:15[db.js] info: "POST /api/patient/prescribtion 200 807 - 127.677 ms\n"
2023-01-20 18:15:59[db.js] info: "server running on development"
2023-01-20 18:15:59[db.js] info: "database up and running on development"
2023-01-20 18:16:12[db.js] info: "server running on development"
2023-01-20 18:16:12[db.js] info: "database up and running on development"
2023-01-20 18:19:56[db.js] info: "POST /api/patient/prescribtion 200 362 - 122.559 ms\n"
2023-01-20 18:20:26[db.js] info: "POST /api/patient/prescribtion 200 362 - 34.418 ms\n"
2023-01-20 18:21:02[db.js] info: "POST /api/patient/prescribtion 200 350 - 23.317 ms\n"
2023-01-20 18:44:57[db.js] info: "server running on development"
2023-01-20 18:44:57[db.js] info: "database up and running on development"
2023-01-22 18:12:09[db.js] info: "POST /api/patient/prescribtion - - - - ms\n"
2023-01-22 18:15:17[db.js] info: "server running on development"
2023-01-22 18:15:17[db.js] info: "database up and running on development"
2023-01-22 18:54:21[db.js] info: "server running on development"
2023-01-22 18:54:21[db.js] info: "database up and running on development"
2023-01-22 18:54:34[db.js] info: "POST /api/patient/prescribtion 200 362 - 1026.294 ms\n"
