2023-01-22 08:06:52[db.js] info: "server running on development"
2023-01-22 08:06:52[db.js] info: "database up and running on development"
2023-01-22 08:21:37[db.js] info: "server running on development"
2023-01-22 08:21:37[db.js] info: "database up and running on development"
2023-01-22 08:27:46[db.js] info: "server running on development"
2023-01-22 08:27:46[db.js] info: "database up and running on development"
2023-01-22 08:28:10[db.js] info: "server running on development"
2023-01-22 08:28:54[db.js] info: "server running on development"
2023-01-22 08:28:54[db.js] info: "database up and running on development"
2023-01-22 08:40:47[db.js] info: "server running on development"
2023-01-22 08:40:47[db.js] info: "database up and running on development"
2023-01-22 08:42:43[db.js] info: "server running on development"
2023-01-22 08:42:43[db.js] info: "database up and running on development"
2023-01-22 08:43:23[db.js] info: "server running on development"
2023-01-22 08:43:23[db.js] info: "database up and running on development"
2023-01-22 08:44:52[db.js] info: "server running on development"
2023-01-22 08:44:52[db.js] info: "database up and running on development"
2023-01-22 08:45:32[db.js] info: "server running on development"
2023-01-22 08:45:32[db.js] info: "database up and running on development"
2023-01-22 08:46:15[db.js] info: "server running on development"
2023-01-22 08:46:15[db.js] info: "database up and running on development"
2023-01-22 08:50:08[db.js] info: "server running on development"
2023-01-22 08:50:08[db.js] info: "database up and running on development"
2023-01-22 08:50:34[db.js] info: "server running on development"
2023-01-22 08:50:34[db.js] info: "database up and running on development"
2023-01-22 08:52:22[db.js] info: "server running on development"
2023-01-22 08:52:22[db.js] info: "database up and running on development"
2023-01-22 08:52:32[db.js] info: "server running on development"
2023-01-22 08:52:32[db.js] info: "database up and running on development"
2023-01-22 08:52:39[db.js] info: "server running on development"
2023-01-22 08:52:39[db.js] info: "database up and running on development"
2023-01-22 08:53:16[db.js] info: "server running on development"
2023-01-22 08:53:16[db.js] info: "database up and running on development"
2023-01-22 08:53:40[db.js] info: "server running on development"
2023-01-22 08:53:41[db.js] info: "database up and running on development"
2023-01-22 08:53:58[db.js] info: "server running on development"
2023-01-22 08:53:59[db.js] info: "database up and running on development"
2023-01-22 08:54:09[db.js] info: "server running on development"
2023-01-22 08:54:10[db.js] info: "database up and running on development"
2023-01-22 08:57:52[db.js] info: "POST /api/patient/prescribtion 401 1129 - 640.077 ms\n"
2023-01-22 08:58:04[db.js] info: "POST /api/admin/login 200 16979 - 831.177 ms\n"
2023-01-22 08:58:39[db.js] info: "POST /api/patient/prescribtion 200 350 - 752.198 ms\n"
2023-01-22 08:59:14[db.js] info: "POST /api/patient/prescribtions 404 165 - 7.261 ms\n"
2023-01-22 20:12:28[db.js] info: "POST /api/patient/prescribtion - - - - ms\n"
2023-01-22 20:12:58[db.js] info: "server running on development"
2023-01-22 20:12:59[db.js] info: "database up and running on development"
2023-01-22 20:13:28[db.js] info: "POST /api/patient/prescribtion 200 372 - 542.292 ms\n"
2023-01-22 20:18:54[db.js] info: "server running on development"
2023-01-22 20:18:54[db.js] info: "database up and running on development"
2023-01-22 20:19:13[db.js] info: "POST /api/patient/prescribtion 200 225 - 672.285 ms\n"
2023-01-22 20:20:00[db.js] info: "server running on development"
2023-01-22 20:20:00[db.js] info: "database up and running on development"
2023-01-22 20:20:30[db.js] info: "POST /api/patient/prescribtion 200 239 - 113.939 ms\n"
2023-01-22 20:20:55[db.js] info: "server running on development"
2023-01-22 20:20:55[db.js] info: "database up and running on development"
2023-01-22 20:21:04[db.js] info: "server running on development"
2023-01-22 20:21:05[db.js] info: "database up and running on development"
2023-01-22 20:21:12[db.js] info: "server running on development"
2023-01-22 20:21:42[db.js] info: "server running on development"
2023-01-22 20:21:42[db.js] info: "database up and running on development"
2023-01-22 20:21:51[db.js] info: "server running on development"
2023-01-22 20:21:51[db.js] info: "database up and running on development"
2023-01-22 20:22:30[db.js] info: "POST /api/patient/prescribtion 200 229 - 185.793 ms\n"
2023-01-22 20:22:52[db.js] info: "server running on development"
2023-01-22 20:22:52[db.js] info: "database up and running on development"
