2023-01-10 08:22:49[db.js] info: "server running on development"
2023-01-10 08:22:52[db.js] info: "database up and running on development"
2023-01-10 08:23:57[db.js] info: "server running on development"
2023-01-10 08:23:57[db.js] info: "database up and running on development"
2023-01-10 08:37:58[db.js] info: "server running on development"
2023-01-10 08:37:58[db.js] info: "database up and running on development"
2023-01-10 08:38:06[db.js] info: "server running on development"
2023-01-10 08:38:06[db.js] info: "database up and running on development"
2023-01-10 08:38:41[db.js] info: "server running on development"
2023-01-10 08:38:41[db.js] info: "database up and running on development"
2023-01-10 08:38:57[db.js] info: "server running on development"
2023-01-10 08:38:57[db.js] info: "database up and running on development"
2023-01-10 08:39:29[db.js] info: "server running on development"
2023-01-10 08:39:29[db.js] info: "database up and running on development"
2023-01-10 08:39:54[db.js] info: "server running on development"
2023-01-10 08:39:54[db.js] info: "database up and running on development"
2023-01-10 08:40:10[db.js] info: "server running on development"
2023-01-10 08:40:10[db.js] info: "database up and running on development"
2023-01-10 08:40:14[db.js] info: "server running on development"
2023-01-10 08:40:14[db.js] info: "database up and running on development"
2023-01-10 08:50:10[db.js] info: "POST /api/student/register 404 160 - 713.664 ms\n"
2023-01-10 08:51:05[db.js] info: "POST /api/pstient/register 404 160 - 1.746 ms\n"
2023-01-10 08:51:50[db.js] info: "POST /api/patient/register 200 1136 - 22.706 ms\n"
2023-01-10 08:53:18[db.js] info: "server running on development"
2023-01-10 08:53:19[db.js] info: "database up and running on development"
2023-01-10 08:53:28[db.js] info: "server running on development"
2023-01-10 08:53:28[db.js] info: "database up and running on development"
2023-01-10 08:53:34[db.js] info: "server running on development"
2023-01-10 08:53:34[db.js] info: "database up and running on development"
2023-01-10 08:53:52[db.js] info: "server running on development"
2023-01-10 08:53:53[db.js] info: "database up and running on development"
2023-01-10 08:54:42[db.js] info: "server running on development"
2023-01-10 08:54:42[db.js] info: "database up and running on development"
2023-01-10 08:54:47[db.js] info: "POST /api/patient/register 400 1130 - 33.856 ms\n"
2023-01-10 08:55:40[db.js] info: "server running on development"
2023-01-10 08:55:40[db.js] info: "database up and running on development"
2023-01-10 08:55:50[db.js] info: "server running on development"
2023-01-10 08:55:54[db.js] info: "server running on development"
2023-01-10 08:55:54[db.js] info: "database up and running on development"
2023-01-10 08:56:13[db.js] info: "POST /api/patient/register 400 1130 - 32.924 ms\n"
2023-01-10 08:57:05[db.js] info: "POST /api/patient/register 200 470 - 1493.663 ms\n"
2023-01-10 08:58:32[db.js] info: "server running on development"
2023-01-10 08:58:32[db.js] info: "database up and running on development"
2023-01-10 08:58:36[db.js] info: "server running on development"
2023-01-10 08:58:36[db.js] info: "database up and running on development"
2023-01-10 08:58:54[db.js] info: "server running on development"
2023-01-10 08:58:54[db.js] info: "database up and running on development"
2023-01-10 08:59:09[db.js] info: "server running on development"
2023-01-10 08:59:09[db.js] info: "database up and running on development"
2023-01-10 08:59:17[db.js] info: "server running on development"
2023-01-10 08:59:18[db.js] info: "database up and running on development"
2023-01-10 08:59:23[db.js] info: "server running on development"
2023-01-10 08:59:23[db.js] info: "database up and running on development"
2023-01-10 08:59:29[db.js] info: "server running on development"
2023-01-10 08:59:29[db.js] info: "database up and running on development"
2023-01-10 08:59:32[db.js] info: "server running on development"
2023-01-10 08:59:32[db.js] info: "database up and running on development"
2023-01-10 08:59:51[db.js] info: "server running on development"
2023-01-10 08:59:51[db.js] info: "database up and running on development"
