2023-01-15 21:51:44[db.js] info: "POST /api/patient/login 200 16283 - 844.756 ms\n"
2023-01-20 21:23:03[db.js] info: "server running on development"
2023-01-20 21:23:03[db.js] info: "database up and running on development"
2023-01-20 21:23:13[db.js] info: "server running on development"
2023-01-20 21:23:14[db.js] info: "database up and running on development"
2023-01-20 21:26:34[db.js] info: "server running on development"
2023-01-20 21:26:34[db.js] info: "database up and running on development"
2023-01-20 21:26:39[db.js] info: "server running on development"
2023-01-20 21:26:39[db.js] info: "database up and running on development"
2023-01-20 21:27:00[db.js] info: "server running on development"
2023-01-20 21:27:00[db.js] info: "database up and running on development"
2023-01-20 21:27:10[db.js] info: "server running on development"
2023-01-20 21:27:10[db.js] info: "database up and running on development"
2023-01-20 21:31:17[db.js] info: "server running on development"
2023-01-20 21:31:17[db.js] info: "database up and running on development"
2023-01-20 21:31:22[db.js] info: "server running on development"
2023-01-20 21:31:22[db.js] info: "database up and running on development"
2023-01-20 21:32:06[db.js] info: "server running on development"
2023-01-20 21:32:06[db.js] info: "database up and running on development"
2023-01-20 21:32:23[db.js] info: "server running on development"
2023-01-20 21:32:23[db.js] info: "database up and running on development"
2023-01-20 21:32:35[db.js] info: "server running on development"
2023-01-20 21:32:36[db.js] info: "database up and running on development"
2023-01-20 21:32:47[db.js] info: "server running on development"
2023-01-20 21:32:47[db.js] info: "database up and running on development"
2023-01-20 21:32:51[db.js] info: "server running on development"
2023-01-20 21:32:52[db.js] info: "database up and running on development"
2023-01-20 21:32:57[db.js] info: "server running on development"
2023-01-20 21:32:57[db.js] info: "database up and running on development"
2023-01-20 21:33:05[db.js] info: "server running on development"
2023-01-20 21:33:05[db.js] info: "database up and running on development"
2023-01-20 21:36:15[db.js] info: "GET /api/admin 404 148 - 91.812 ms\n"
2023-01-20 21:36:56[db.js] info: "server running on development"
2023-01-20 21:36:56[db.js] info: "database up and running on development"
2023-01-20 21:37:00[db.js] info: "server running on development"
2023-01-20 21:37:00[db.js] info: "database up and running on development"
2023-01-20 21:37:16[db.js] info: "server running on development"
2023-01-20 21:37:16[db.js] info: "database up and running on development"
2023-01-20 21:37:26[db.js] info: "server running on development"
2023-01-20 21:37:26[db.js] info: "database up and running on development"
2023-01-20 21:39:06[db.js] info: "GET /api/admin/getoneuser 200 682 - 238.855 ms\n"
2023-01-20 21:39:31[db.js] info: "server running on development"
2023-01-20 21:39:31[db.js] info: "database up and running on development"
2023-01-20 21:41:30[db.js] info: "GET /api/admin/getoneuser - - - - ms\n"
2023-01-20 21:42:06[db.js] info: "server running on development"
2023-01-20 21:42:06[db.js] info: "database up and running on development"
2023-01-20 21:42:35[db.js] info: "server running on development"
2023-01-20 21:42:35[db.js] info: "database up and running on development"
2023-01-20 21:42:54[db.js] info: "server running on development"
2023-01-20 21:42:54[db.js] info: "database up and running on development"
2023-01-20 21:43:22[db.js] info: "GET /api/admin/getoneuser 200 2 - 415.645 ms\n"
2023-01-20 21:44:04[db.js] info: "server running on development"
2023-01-20 21:44:04[db.js] info: "database up and running on development"
2023-01-20 21:44:10[db.js] info: "server running on development"
2023-01-20 21:44:10[db.js] info: "database up and running on development"
2023-01-20 21:44:35[db.js] info: "server running on development"
2023-01-20 21:44:36[db.js] info: "database up and running on development"
2023-01-20 21:45:20[db.js] info: "server running on development"
2023-01-20 21:45:20[db.js] info: "database up and running on development"
2023-01-20 21:55:54[db.js] info: "server running on development"
2023-01-20 21:55:55[db.js] info: "database up and running on development"
2023-01-20 21:57:16[db.js] info: "GET /api/admin/getoneuser 200 11 - 620.791 ms\n"
